2017-12-06 17:35:53 --> 运行MyBatis-CMEU...
---------------------->  at pers.Main.main(?:?) 
 
2017-12-06 17:35:54 --> 初始化首页...
---------------------->  at pers.cmeu.controller.IndexController.initialize(?:?) 
 
2017-12-06 17:35:54 --> 初始化首页成功!
---------------------->  at pers.cmeu.controller.IndexController.initialize(?:?) 
 
2017-12-06 17:35:54 --> 加载左侧数据库树与事件....
---------------------->  at pers.cmeu.controller.IndexController.initialize(?:?) 
 
2017-12-06 17:35:54 --> 加载所有数据库到左侧树集成功!
---------------------->  at pers.cmeu.controller.IndexController.initialize(?:?) 
 
2017-12-06 17:35:54 --> 执行查询默认配置信息并加载到首页...
---------------------->  at pers.cmeu.controller.IndexController.initialize(?:?) 
 
2017-12-06 17:35:54 --> 加载配置信息到首页成功!
---------------------->  at pers.cmeu.controller.IndexController.initialize(?:?) 
 
2017-12-06 17:35:58 --> 加载所有表....
---------------------->  at pers.cmeu.controller.IndexController.lambda$null$6(?:?) 
 
2017-12-06 17:35:58 --> 加载所有表成功!
---------------------->  at pers.cmeu.controller.IndexController.lambda$null$6(?:?) 
 
2017-12-06 17:36:18 --> 初始化配置信息窗口....
---------------------->  at pers.cmeu.controller.HistoryConfigController.initialize(?:?) 
 
2017-12-06 17:36:18 --> 初始化配置信息窗口完成!
---------------------->  at pers.cmeu.controller.HistoryConfigController.initialize(?:?) 
 
2017-12-06 17:36:18 --> 初始化配置信息表格...
---------------------->  at pers.cmeu.controller.HistoryConfigController.initTable(?:?) 
 
2017-12-06 17:36:19 --> 初始化配置信息完成!
---------------------->  at pers.cmeu.controller.HistoryConfigController.initTable(?:?) 
 
2017-12-06 17:36:19 --> 初始化创建类配置信息...
---------------------->  at pers.cmeu.controller.HistoryConfigController.initTable(?:?) 
 
2017-12-06 17:36:19 --> 初始化创建类配置信息-->成功!
---------------------->  at pers.cmeu.controller.HistoryConfigController.initTable(?:?) 
 
2017-12-06 17:36:21 --> 执行将配置信息加载到首页...
---------------------->  at pers.cmeu.controller.HistoryConfigController.lambda$getHistoryConfig$0(?:?) 
 
2017-12-06 17:36:21 --> 将配置信息加载到首页成功!
---------------------->  at pers.cmeu.controller.HistoryConfigController.lambda$getHistoryConfig$0(?:?) 
 
2017-12-06 17:36:48 --> 将表的数据加载到数据面板...
---------------------->  at pers.cmeu.controller.IndexController.lambda$null$6(?:?) 
 
2017-12-06 17:36:48 --> 将表的数据加载到数据面板成功!
---------------------->  at pers.cmeu.controller.IndexController.lambda$null$6(?:?) 
 
2017-12-06 17:37:08 --> 关闭MyBatis-CMEU!!!
---------------------->  at pers.Main.main(?:?) 
 
