2017-12-05 16:17:02 --> 运行MyBatis-CMEU...
---------------------->  at pers.Main.main(?:?) 
 
2017-12-05 16:17:02 --> 初始化首页...
---------------------->  at pers.cmeu.controller.IndexController.initialize(?:?) 
 
2017-12-05 16:17:02 --> 初始化首页成功!
---------------------->  at pers.cmeu.controller.IndexController.initialize(?:?) 
 
2017-12-05 16:17:02 --> 加载左侧数据库树与事件....
---------------------->  at pers.cmeu.controller.IndexController.initialize(?:?) 
 
2017-12-05 16:17:02 --> 加载所有数据库到左侧树集成功!
---------------------->  at pers.cmeu.controller.IndexController.initialize(?:?) 
 
2017-12-05 16:17:02 --> 执行查询默认配置信息并加载到首页...
---------------------->  at pers.cmeu.controller.IndexController.initialize(?:?) 
 
2017-12-05 16:17:03 --> 加载配置信息到首页成功!
---------------------->  at pers.cmeu.controller.IndexController.initialize(?:?) 
 
2017-12-05 16:17:05 --> 关闭MyBatis-CMEU!!!
---------------------->  at pers.Main.main(?:?) 
 
2017-12-05 16:43:56 --> 运行MyBatis-CMEU...
---------------------->  at pers.Main.main(?:?) 
 
2017-12-05 16:43:57 --> 初始化首页...
---------------------->  at pers.cmeu.controller.IndexController.initialize(?:?) 
 
2017-12-05 16:43:57 --> 初始化首页成功!
---------------------->  at pers.cmeu.controller.IndexController.initialize(?:?) 
 
2017-12-05 16:43:57 --> 加载左侧数据库树与事件....
---------------------->  at pers.cmeu.controller.IndexController.initialize(?:?) 
 
2017-12-05 16:43:57 --> 加载所有数据库到左侧树集成功!
---------------------->  at pers.cmeu.controller.IndexController.initialize(?:?) 
 
2017-12-05 16:43:57 --> 执行查询默认配置信息并加载到首页...
---------------------->  at pers.cmeu.controller.IndexController.initialize(?:?) 
 
2017-12-05 16:43:57 --> 加载配置信息到首页成功!
---------------------->  at pers.cmeu.controller.IndexController.initialize(?:?) 
 
2017-12-05 16:45:01 --> 选择文件项目目录:E:\编程\项目\工作项目\tax\tax-shop-api
---------------------->  at pers.cmeu.controller.IndexController.selectFile(?:?) 
 
2017-12-05 16:46:56 --> 初始化数据库连接窗口....
---------------------->  at pers.cmeu.controller.ConnectionController.initialize(?:?) 
 
2017-12-05 16:46:56 --> 初始化数据库连接成功!
---------------------->  at pers.cmeu.controller.ConnectionController.initialize(?:?) 
 
2017-12-05 16:47:16 --> 执行测试数据库连接...
---------------------->  at pers.cmeu.controller.ConnectionController.testConnection(?:?) 
 
2017-12-05 16:47:16 --> 数据库测试连接成功!
---------------------->  at pers.cmeu.controller.ConnectionController.testConnection(?:?) 
 
2017-12-05 16:47:18 --> 执行保存数据库连接...
---------------------->  at pers.cmeu.controller.ConnectionController.saveConnection(?:?) 
 
2017-12-05 16:47:18 --> 保存数据库连接成功!
---------------------->  at pers.cmeu.controller.ConnectionController.saveConnection(?:?) 
 
2017-12-05 16:47:24 --> 加载所有表....
---------------------->  at pers.cmeu.controller.IndexController.lambda$null$6(?:?) 
 
2017-12-05 16:47:24 --> 加载所有表成功!
---------------------->  at pers.cmeu.controller.IndexController.lambda$null$6(?:?) 
 
2017-12-05 16:47:25 --> 加载所有表....
---------------------->  at pers.cmeu.controller.IndexController.lambda$null$6(?:?) 
 
2017-12-05 16:47:25 --> 加载所有表成功!
---------------------->  at pers.cmeu.controller.IndexController.lambda$null$6(?:?) 
 
2017-12-05 16:47:26 --> 执行打开数据库连接....
---------------------->  at pers.cmeu.controller.IndexController.lambda$null$2(?:?) 
 
2017-12-05 16:47:28 --> 加载所有表....
---------------------->  at pers.cmeu.controller.IndexController.lambda$null$6(?:?) 
 
2017-12-05 16:47:28 --> 加载所有表成功!
---------------------->  at pers.cmeu.controller.IndexController.lambda$null$6(?:?) 
 
2017-12-05 16:47:29 --> 初始化配置信息窗口....
---------------------->  at pers.cmeu.controller.HistoryConfigController.initialize(?:?) 
 
2017-12-05 16:47:29 --> 初始化配置信息窗口完成!
---------------------->  at pers.cmeu.controller.HistoryConfigController.initialize(?:?) 
 
2017-12-05 16:47:29 --> 初始化配置信息表格...
---------------------->  at pers.cmeu.controller.HistoryConfigController.initTable(?:?) 
 
2017-12-05 16:47:29 --> 初始化配置信息完成!
---------------------->  at pers.cmeu.controller.HistoryConfigController.initTable(?:?) 
 
2017-12-05 16:47:29 --> 初始化创建类配置信息...
---------------------->  at pers.cmeu.controller.HistoryConfigController.initTable(?:?) 
 
2017-12-05 16:47:29 --> 初始化创建类配置信息-->成功!
---------------------->  at pers.cmeu.controller.HistoryConfigController.initTable(?:?) 
 
2017-12-05 16:47:32 --> 加载所有表....
---------------------->  at pers.cmeu.controller.IndexController.lambda$null$6(?:?) 
 
2017-12-05 16:47:32 --> 加载所有表成功!
---------------------->  at pers.cmeu.controller.IndexController.lambda$null$6(?:?) 
 
2017-12-05 16:47:34 --> 执行保存配置文件...
---------------------->  at pers.cmeu.controller.IndexController.saveConfig(?:?) 
 
2017-12-05 16:47:48 --> 保存配置成功!
---------------------->  at pers.cmeu.controller.IndexController.saveConfig(?:?) 
 
2017-12-05 16:47:51 --> 加载所有表....
---------------------->  at pers.cmeu.controller.IndexController.lambda$null$6(?:?) 
 
2017-12-05 16:47:51 --> 加载所有表成功!
---------------------->  at pers.cmeu.controller.IndexController.lambda$null$6(?:?) 
 
2017-12-05 16:47:53 --> 初始化配置信息窗口....
---------------------->  at pers.cmeu.controller.HistoryConfigController.initialize(?:?) 
 
2017-12-05 16:47:53 --> 初始化配置信息窗口完成!
---------------------->  at pers.cmeu.controller.HistoryConfigController.initialize(?:?) 
 
2017-12-05 16:47:53 --> 初始化配置信息表格...
---------------------->  at pers.cmeu.controller.HistoryConfigController.initTable(?:?) 
 
2017-12-05 16:47:53 --> 初始化配置信息完成!
---------------------->  at pers.cmeu.controller.HistoryConfigController.initTable(?:?) 
 
2017-12-05 16:47:53 --> 初始化创建类配置信息...
---------------------->  at pers.cmeu.controller.HistoryConfigController.initTable(?:?) 
 
2017-12-05 16:47:53 --> 初始化创建类配置信息-->成功!
---------------------->  at pers.cmeu.controller.HistoryConfigController.initTable(?:?) 
 
2017-12-05 16:48:03 --> 执行打开数据库连接....
---------------------->  at pers.cmeu.controller.IndexController.lambda$null$2(?:?) 
 
2017-12-05 16:48:06 --> 关闭MyBatis-CMEU!!!
---------------------->  at pers.Main.main(?:?) 
 
2017-12-05 16:48:16 --> 运行MyBatis-CMEU...
---------------------->  at pers.Main.main(?:?) 
 
2017-12-05 16:48:16 --> 初始化首页...
---------------------->  at pers.cmeu.controller.IndexController.initialize(?:?) 
 
2017-12-05 16:48:16 --> 初始化首页成功!
---------------------->  at pers.cmeu.controller.IndexController.initialize(?:?) 
 
2017-12-05 16:48:16 --> 加载左侧数据库树与事件....
---------------------->  at pers.cmeu.controller.IndexController.initialize(?:?) 
 
2017-12-05 16:48:16 --> 加载所有数据库到左侧树集成功!
---------------------->  at pers.cmeu.controller.IndexController.initialize(?:?) 
 
2017-12-05 16:48:16 --> 执行查询默认配置信息并加载到首页...
---------------------->  at pers.cmeu.controller.IndexController.initialize(?:?) 
 
2017-12-05 16:48:16 --> 加载配置信息到首页成功!
---------------------->  at pers.cmeu.controller.IndexController.initialize(?:?) 
 
2017-12-05 16:48:18 --> 加载所有表....
---------------------->  at pers.cmeu.controller.IndexController.lambda$null$6(?:?) 
 
2017-12-05 16:48:18 --> 加载所有表成功!
---------------------->  at pers.cmeu.controller.IndexController.lambda$null$6(?:?) 
 
2017-12-05 16:48:20 --> 执行打开数据库连接....
---------------------->  at pers.cmeu.controller.IndexController.lambda$null$2(?:?) 
 
2017-12-05 16:48:27 --> 加载所有表....
---------------------->  at pers.cmeu.controller.IndexController.lambda$null$6(?:?) 
 
2017-12-05 16:48:27 --> 加载所有表成功!
---------------------->  at pers.cmeu.controller.IndexController.lambda$null$6(?:?) 
 
2017-12-05 16:48:33 --> 加载所有表....
---------------------->  at pers.cmeu.controller.IndexController.lambda$null$6(?:?) 
 
2017-12-05 16:48:33 --> 加载所有表成功!
---------------------->  at pers.cmeu.controller.IndexController.lambda$null$6(?:?) 
 
2017-12-05 16:48:34 --> 初始化数据库连接窗口....
---------------------->  at pers.cmeu.controller.ConnectionController.initialize(?:?) 
 
2017-12-05 16:48:34 --> 初始化数据库连接成功!
---------------------->  at pers.cmeu.controller.ConnectionController.initialize(?:?) 
 
2017-12-05 16:49:00 --> 初始化配置信息窗口....
---------------------->  at pers.cmeu.controller.HistoryConfigController.initialize(?:?) 
 
2017-12-05 16:49:00 --> 初始化配置信息窗口完成!
---------------------->  at pers.cmeu.controller.HistoryConfigController.initialize(?:?) 
 
2017-12-05 16:49:00 --> 初始化配置信息表格...
---------------------->  at pers.cmeu.controller.HistoryConfigController.initTable(?:?) 
 
2017-12-05 16:49:00 --> 初始化配置信息完成!
---------------------->  at pers.cmeu.controller.HistoryConfigController.initTable(?:?) 
 
2017-12-05 16:49:00 --> 初始化创建类配置信息...
---------------------->  at pers.cmeu.controller.HistoryConfigController.initTable(?:?) 
 
2017-12-05 16:49:00 --> 初始化创建类配置信息-->成功!
---------------------->  at pers.cmeu.controller.HistoryConfigController.initTable(?:?) 
 
2017-12-05 16:49:02 --> 执行将配置信息加载到首页...
---------------------->  at pers.cmeu.controller.HistoryConfigController.lambda$getHistoryConfig$0(?:?) 
 
2017-12-05 16:49:03 --> 将配置信息加载到首页成功!
---------------------->  at pers.cmeu.controller.HistoryConfigController.lambda$getHistoryConfig$0(?:?) 
 
2017-12-05 16:49:07 --> 加载所有表....
---------------------->  at pers.cmeu.controller.IndexController.lambda$null$6(?:?) 
 
2017-12-05 16:49:07 --> 加载所有表成功!
---------------------->  at pers.cmeu.controller.IndexController.lambda$null$6(?:?) 
 
2017-12-05 16:49:11 --> 加载所有表....
---------------------->  at pers.cmeu.controller.IndexController.lambda$null$6(?:?) 
 
2017-12-05 16:49:11 --> 加载所有表成功!
---------------------->  at pers.cmeu.controller.IndexController.lambda$null$6(?:?) 
 
2017-12-05 16:49:13 --> 执行打开数据库连接....
---------------------->  at pers.cmeu.controller.IndexController.lambda$null$2(?:?) 
 
2017-12-05 16:49:30 --> 加载所有表....
---------------------->  at pers.cmeu.controller.IndexController.lambda$null$6(?:?) 
 
2017-12-05 16:49:30 --> 加载所有表成功!
---------------------->  at pers.cmeu.controller.IndexController.lambda$null$6(?:?) 
 
2017-12-05 16:49:32 --> 执行打开数据库连接....
---------------------->  at pers.cmeu.controller.IndexController.lambda$null$2(?:?) 
 
2017-12-05 16:49:33 --> 初始化配置信息窗口....
---------------------->  at pers.cmeu.controller.HistoryConfigController.initialize(?:?) 
 
2017-12-05 16:49:33 --> 初始化配置信息窗口完成!
---------------------->  at pers.cmeu.controller.HistoryConfigController.initialize(?:?) 
 
2017-12-05 16:49:33 --> 初始化配置信息表格...
---------------------->  at pers.cmeu.controller.HistoryConfigController.initTable(?:?) 
 
2017-12-05 16:49:33 --> 初始化配置信息完成!
---------------------->  at pers.cmeu.controller.HistoryConfigController.initTable(?:?) 
 
2017-12-05 16:49:33 --> 初始化创建类配置信息...
---------------------->  at pers.cmeu.controller.HistoryConfigController.initTable(?:?) 
 
2017-12-05 16:49:33 --> 初始化创建类配置信息-->成功!
---------------------->  at pers.cmeu.controller.HistoryConfigController.initTable(?:?) 
 
2017-12-05 16:49:43 --> 关闭MyBatis-CMEU!!!
---------------------->  at pers.Main.main(?:?) 
 
2017-12-05 16:54:29 --> 运行MyBatis-CMEU...
---------------------->  at pers.Main.main(?:?) 
 
2017-12-05 16:54:30 --> 初始化首页...
---------------------->  at pers.cmeu.controller.IndexController.initialize(?:?) 
 
2017-12-05 16:54:30 --> 初始化首页成功!
---------------------->  at pers.cmeu.controller.IndexController.initialize(?:?) 
 
2017-12-05 16:54:30 --> 加载左侧数据库树与事件....
---------------------->  at pers.cmeu.controller.IndexController.initialize(?:?) 
 
2017-12-05 16:54:30 --> 加载所有数据库到左侧树集成功!
---------------------->  at pers.cmeu.controller.IndexController.initialize(?:?) 
 
2017-12-05 16:54:30 --> 执行查询默认配置信息并加载到首页...
---------------------->  at pers.cmeu.controller.IndexController.initialize(?:?) 
 
2017-12-05 16:54:30 --> 加载配置信息到首页成功!
---------------------->  at pers.cmeu.controller.IndexController.initialize(?:?) 
 
2017-12-05 16:54:32 --> 初始化配置信息窗口....
---------------------->  at pers.cmeu.controller.HistoryConfigController.initialize(?:?) 
 
2017-12-05 16:54:32 --> 初始化配置信息窗口完成!
---------------------->  at pers.cmeu.controller.HistoryConfigController.initialize(?:?) 
 
2017-12-05 16:54:32 --> 初始化配置信息表格...
---------------------->  at pers.cmeu.controller.HistoryConfigController.initTable(?:?) 
 
2017-12-05 16:54:32 --> 初始化配置信息完成!
---------------------->  at pers.cmeu.controller.HistoryConfigController.initTable(?:?) 
 
2017-12-05 16:54:32 --> 初始化创建类配置信息...
---------------------->  at pers.cmeu.controller.HistoryConfigController.initTable(?:?) 
 
2017-12-05 16:54:32 --> 初始化创建类配置信息-->成功!
---------------------->  at pers.cmeu.controller.HistoryConfigController.initTable(?:?) 
 
2017-12-05 16:54:34 --> 初始化配置信息窗口....
---------------------->  at pers.cmeu.controller.HistoryConfigController.initialize(?:?) 
 
2017-12-05 16:54:34 --> 初始化配置信息窗口完成!
---------------------->  at pers.cmeu.controller.HistoryConfigController.initialize(?:?) 
 
2017-12-05 16:54:34 --> 初始化配置信息表格...
---------------------->  at pers.cmeu.controller.HistoryConfigController.initTable(?:?) 
 
2017-12-05 16:54:34 --> 初始化配置信息完成!
---------------------->  at pers.cmeu.controller.HistoryConfigController.initTable(?:?) 
 
2017-12-05 16:54:34 --> 初始化创建类配置信息...
---------------------->  at pers.cmeu.controller.HistoryConfigController.initTable(?:?) 
 
2017-12-05 16:54:34 --> 初始化创建类配置信息-->成功!
---------------------->  at pers.cmeu.controller.HistoryConfigController.initTable(?:?) 
 
2017-12-05 16:54:39 --> 执行将配置信息加载到首页...
---------------------->  at pers.cmeu.controller.HistoryConfigController.lambda$getHistoryConfig$0(?:?) 
 
2017-12-05 16:54:39 --> 将配置信息加载到首页成功!
---------------------->  at pers.cmeu.controller.HistoryConfigController.lambda$getHistoryConfig$0(?:?) 
 
2017-12-05 16:54:55 --> 打开修改数据库连接窗口...
---------------------->  at pers.cmeu.controller.IndexController.lambda$null$4(?:?) 
 
2017-12-05 16:54:56 --> 初始化修改数据库连接窗口...
---------------------->  at pers.cmeu.controller.UpdateConnection.init(?:?) 
 
2017-12-05 16:54:56 --> 初始化数据库连接窗口成功!
---------------------->  at pers.cmeu.controller.UpdateConnection.init(?:?) 
 
2017-12-05 16:55:05 --> 执行测试数据库连接...
---------------------->  at pers.cmeu.controller.UpdateConnection.testConnection(?:?) 
 
2017-12-05 16:55:05 --> 数据库测试连接成功!
---------------------->  at pers.cmeu.controller.UpdateConnection.testConnection(?:?) 
 
2017-12-05 16:55:06 --> 执行修改数据库连接...
---------------------->  at pers.cmeu.controller.UpdateConnection.btnUpdate(?:?) 
 
2017-12-05 16:55:07 --> 修改数据库连接成功!
---------------------->  at pers.cmeu.controller.UpdateConnection.btnUpdate(?:?) 
 
2017-12-05 16:55:08 --> 加载所有表....
---------------------->  at pers.cmeu.controller.IndexController.lambda$null$6(?:?) 
 
2017-12-05 16:55:08 --> 加载所有表成功!
---------------------->  at pers.cmeu.controller.IndexController.lambda$null$6(?:?) 
 
2017-12-05 16:55:12 --> 将表的数据加载到数据面板...
---------------------->  at pers.cmeu.controller.IndexController.lambda$null$6(?:?) 
 
2017-12-05 16:55:12 --> 将表的数据加载到数据面板成功!
---------------------->  at pers.cmeu.controller.IndexController.lambda$null$6(?:?) 
 
2017-12-05 16:57:31 --> 准备开始执行创建所有文件...
---------------------->  at pers.cmeu.controller.IndexController.runCreate(?:?) 
 
2017-12-05 16:57:31 --> 获取表的主键...
---------------------->  at pers.cmeu.controller.IndexController.runCreate(?:?) 
 
2017-12-05 16:57:31 --> 获取表的所有列...
---------------------->  at pers.cmeu.controller.IndexController.runCreate(?:?) 
 
2017-12-05 16:57:31 --> 初始化创建类配置信息...
---------------------->  at pers.cmeu.controller.IndexController.runCreate(?:?) 
 
2017-12-05 16:57:31 --> 初始化创建类配置信息-->成功!
---------------------->  at pers.cmeu.controller.IndexController.runCreate(?:?) 
 
2017-12-05 16:57:31 --> 初始化创建工具...
---------------------->  at pers.cmeu.controller.IndexController.runCreate(?:?) 
 
2017-12-05 16:57:31 --> 开始执行创建所有文件...
---------------------->  at pers.cmeu.controller.IndexController.runCreate(?:?) 
 
2017-12-05 16:57:31 --> 执行创建实体类包!
---------------------->  at pers.cmeu.common.CreateFileUtil.createAll(?:?) 
 
2017-12-05 16:57:31 --> 执行创建dao接口包!
---------------------->  at pers.cmeu.common.CreateFileUtil.createAll(?:?) 
 
2017-12-05 16:57:31 --> 执行创建mapper映射文件包!
---------------------->  at pers.cmeu.common.CreateFileUtil.createAll(?:?) 
 
2017-12-05 16:57:31 --> 执行创建Service包!
---------------------->  at pers.cmeu.common.CreateFileUtil.createServiceDir(?:?) 
 
2017-12-05 16:57:31 --> 执行创建ServiceImpl包!
---------------------->  at pers.cmeu.common.CreateFileUtil.createServiceDir(?:?) 
 
2017-12-05 16:57:31 --> 执行获得表主键列对应的java数据类型...
---------------------->  at pers.cmeu.common.CreateFileUtil.createAll(?:?) 
 
2017-12-05 16:57:31 --> 获得表主键列对应的java数据类型成功!
---------------------->  at pers.cmeu.common.CreateFileUtil.createAll(?:?) 
 
2017-12-05 16:57:31 --> 执行生成实体类...
---------------------->  at pers.cmeu.common.CreateFileUtil.createAll(?:?) 
 
2017-12-05 16:57:31 --> 生成实体类成功!
---------------------->  at pers.cmeu.common.CreateFileUtil.createAll(?:?) 
 
2017-12-05 16:57:31 --> 执行生成dao
---------------------->  at pers.cmeu.common.CreateFileUtil.createAll(?:?) 
 
2017-12-05 16:57:31 --> 生成dao成功!
---------------------->  at pers.cmeu.common.CreateFileUtil.createAll(?:?) 
 
2017-12-05 16:57:31 --> 执行生成Mapper...
---------------------->  at pers.cmeu.common.CreateFileUtil.createAll(?:?) 
 
2017-12-05 16:57:31 --> 生成Mapper成功!
---------------------->  at pers.cmeu.common.CreateFileUtil.createAll(?:?) 
 
2017-12-05 16:57:31 --> 执行生成service...
---------------------->  at pers.cmeu.common.CreateFileUtil.createAll(?:?) 
 
2017-12-05 16:57:31 --> 生成service成功!
---------------------->  at pers.cmeu.common.CreateFileUtil.createAll(?:?) 
 
2017-12-05 16:57:31 --> 执行生成serviceImpl...
---------------------->  at pers.cmeu.common.CreateFileUtil.createAll(?:?) 
 
2017-12-05 16:57:31 --> 生成serviceImpl成功!
---------------------->  at pers.cmeu.common.CreateFileUtil.createAll(?:?) 
 
2017-12-05 16:57:31 --> 执行创建Assist包名!
---------------------->  at pers.cmeu.common.CreateFileUtil.createAll(?:?) 
 
2017-12-05 16:57:31 --> 准备创建Assist帮助类...
---------------------->  at pers.cmeu.common.CreateFileUtil.createAssist(?:?) 
 
2017-12-05 16:57:31 --> 读取Assist模板...
---------------------->  at pers.cmeu.common.CreateFileUtil.createAssist(?:?) 
 
2017-12-05 16:57:31 --> 执行创建...
---------------------->  at pers.cmeu.common.CreateFileUtil.createAssist(?:?) 
 
2017-12-05 16:57:31 --> Assist帮助类创建成功!
---------------------->  at pers.cmeu.common.CreateFileUtil.createAssist(?:?) 
 
2017-12-05 16:57:31 --> 执行创建配置文件包名!
---------------------->  at pers.cmeu.common.CreateFileUtil.createAll(?:?) 
 
2017-12-05 16:57:31 --> 准备创建配置文件...
---------------------->  at pers.cmeu.common.CreateFileUtil.createMyBatisConfig(?:?) 
 
2017-12-05 16:57:31 --> 读取配置文件模板...
---------------------->  at pers.cmeu.common.CreateFileUtil.createMyBatisConfig(?:?) 
 
2017-12-05 16:57:31 --> 执行创建...
---------------------->  at pers.cmeu.common.CreateFileUtil.createMyBatisConfig(?:?) 
 
2017-12-05 16:57:31 --> 配置文件创建成功!
---------------------->  at pers.cmeu.common.CreateFileUtil.createMyBatisConfig(?:?) 
 
2017-12-05 16:57:31 --> 创建所有文件成功!
---------------------->  at pers.cmeu.controller.IndexController.runCreate(?:?) 
 
2017-12-05 16:59:43 --> 准备开始执行创建所有文件...
---------------------->  at pers.cmeu.controller.IndexController.runCreate(?:?) 
 
2017-12-05 16:59:43 --> 获取表的主键...
---------------------->  at pers.cmeu.controller.IndexController.runCreate(?:?) 
 
2017-12-05 16:59:43 --> 获取表的所有列...
---------------------->  at pers.cmeu.controller.IndexController.runCreate(?:?) 
 
2017-12-05 16:59:43 --> 初始化创建类配置信息...
---------------------->  at pers.cmeu.controller.IndexController.runCreate(?:?) 
 
2017-12-05 16:59:43 --> 初始化创建类配置信息-->成功!
---------------------->  at pers.cmeu.controller.IndexController.runCreate(?:?) 
 
2017-12-05 16:59:43 --> 初始化创建工具...
---------------------->  at pers.cmeu.controller.IndexController.runCreate(?:?) 
 
2017-12-05 16:59:43 --> 开始执行创建所有文件...
---------------------->  at pers.cmeu.controller.IndexController.runCreate(?:?) 
 
2017-12-05 16:59:43 --> 执行创建实体类包!
---------------------->  at pers.cmeu.common.CreateFileUtil.createAll(?:?) 
 
2017-12-05 16:59:43 --> 执行创建dao接口包!
---------------------->  at pers.cmeu.common.CreateFileUtil.createAll(?:?) 
 
2017-12-05 16:59:43 --> 执行创建mapper映射文件包!
---------------------->  at pers.cmeu.common.CreateFileUtil.createAll(?:?) 
 
2017-12-05 16:59:43 --> 执行创建Service包!
---------------------->  at pers.cmeu.common.CreateFileUtil.createServiceDir(?:?) 
 
2017-12-05 16:59:43 --> 执行创建ServiceImpl包!
---------------------->  at pers.cmeu.common.CreateFileUtil.createServiceDir(?:?) 
 
2017-12-05 16:59:43 --> 执行获得表主键列对应的java数据类型...
---------------------->  at pers.cmeu.common.CreateFileUtil.createAll(?:?) 
 
2017-12-05 16:59:43 --> 获得表主键列对应的java数据类型成功!
---------------------->  at pers.cmeu.common.CreateFileUtil.createAll(?:?) 
 
2017-12-05 16:59:43 --> 执行生成实体类...
---------------------->  at pers.cmeu.common.CreateFileUtil.createAll(?:?) 
 
2017-12-05 16:59:43 --> 生成实体类成功!
---------------------->  at pers.cmeu.common.CreateFileUtil.createAll(?:?) 
 
2017-12-05 16:59:43 --> 执行生成dao
---------------------->  at pers.cmeu.common.CreateFileUtil.createAll(?:?) 
 
2017-12-05 16:59:43 --> 生成dao成功!
---------------------->  at pers.cmeu.common.CreateFileUtil.createAll(?:?) 
 
2017-12-05 16:59:43 --> 执行生成Mapper...
---------------------->  at pers.cmeu.common.CreateFileUtil.createAll(?:?) 
 
2017-12-05 16:59:43 --> 生成Mapper成功!
---------------------->  at pers.cmeu.common.CreateFileUtil.createAll(?:?) 
 
2017-12-05 16:59:43 --> 执行生成service...
---------------------->  at pers.cmeu.common.CreateFileUtil.createAll(?:?) 
 
2017-12-05 16:59:43 --> 生成service成功!
---------------------->  at pers.cmeu.common.CreateFileUtil.createAll(?:?) 
 
2017-12-05 16:59:43 --> 执行生成serviceImpl...
---------------------->  at pers.cmeu.common.CreateFileUtil.createAll(?:?) 
 
2017-12-05 16:59:43 --> 生成serviceImpl成功!
---------------------->  at pers.cmeu.common.CreateFileUtil.createAll(?:?) 
 
2017-12-05 16:59:43 --> 执行创建Assist包名!
---------------------->  at pers.cmeu.common.CreateFileUtil.createAll(?:?) 
 
2017-12-05 16:59:43 --> 准备创建Assist帮助类...
---------------------->  at pers.cmeu.common.CreateFileUtil.createAssist(?:?) 
 
2017-12-05 16:59:43 --> 读取Assist模板...
---------------------->  at pers.cmeu.common.CreateFileUtil.createAssist(?:?) 
 
2017-12-05 16:59:43 --> 执行创建...
---------------------->  at pers.cmeu.common.CreateFileUtil.createAssist(?:?) 
 
2017-12-05 16:59:43 --> Assist帮助类创建成功!
---------------------->  at pers.cmeu.common.CreateFileUtil.createAssist(?:?) 
 
2017-12-05 16:59:43 --> 执行创建配置文件包名!
---------------------->  at pers.cmeu.common.CreateFileUtil.createAll(?:?) 
 
2017-12-05 16:59:43 --> 准备创建配置文件...
---------------------->  at pers.cmeu.common.CreateFileUtil.createMyBatisConfig(?:?) 
 
2017-12-05 16:59:43 --> 读取配置文件模板...
---------------------->  at pers.cmeu.common.CreateFileUtil.createMyBatisConfig(?:?) 
 
2017-12-05 16:59:43 --> 执行创建...
---------------------->  at pers.cmeu.common.CreateFileUtil.createMyBatisConfig(?:?) 
 
2017-12-05 16:59:43 --> 配置文件创建成功!
---------------------->  at pers.cmeu.common.CreateFileUtil.createMyBatisConfig(?:?) 
 
2017-12-05 16:59:43 --> 创建所有文件成功!
---------------------->  at pers.cmeu.controller.IndexController.runCreate(?:?) 
 
2017-12-05 16:59:46 --> 执行保存配置文件...
---------------------->  at pers.cmeu.controller.IndexController.saveConfig(?:?) 
 
2017-12-05 16:59:54 --> 保存配置失败!!!java.lang.RuntimeException: 该配置名称已经存在!请使用其它名字...
---------------------->  at pers.cmeu.controller.IndexController.saveConfig(?:?) 
 
2017-12-05 16:59:56 --> 执行保存配置文件...
---------------------->  at pers.cmeu.controller.IndexController.saveConfig(?:?) 
 
2017-12-05 17:00:00 --> 保存配置成功!
---------------------->  at pers.cmeu.controller.IndexController.saveConfig(?:?) 
 
2017-12-05 17:01:33 --> 初始化配置信息窗口....
---------------------->  at pers.cmeu.controller.HistoryConfigController.initialize(?:?) 
 
2017-12-05 17:01:33 --> 初始化配置信息窗口完成!
---------------------->  at pers.cmeu.controller.HistoryConfigController.initialize(?:?) 
 
2017-12-05 17:01:33 --> 初始化配置信息表格...
---------------------->  at pers.cmeu.controller.HistoryConfigController.initTable(?:?) 
 
2017-12-05 17:01:33 --> 初始化配置信息完成!
---------------------->  at pers.cmeu.controller.HistoryConfigController.initTable(?:?) 
 
2017-12-05 17:01:33 --> 初始化创建类配置信息...
---------------------->  at pers.cmeu.controller.HistoryConfigController.initTable(?:?) 
 
2017-12-05 17:01:33 --> 初始化创建类配置信息-->成功!
---------------------->  at pers.cmeu.controller.HistoryConfigController.initTable(?:?) 
 
2017-12-05 17:01:35 --> 执行删除配置信息...
---------------------->  at pers.cmeu.controller.HistoryConfigController.lambda$getHistoryConfig$1(?:?) 
 
2017-12-05 17:01:35 --> 执行删除配置完成!
---------------------->  at pers.cmeu.controller.HistoryConfigController.lambda$getHistoryConfig$1(?:?) 
 
2017-12-05 17:01:37 --> 执行删除配置信息...
---------------------->  at pers.cmeu.controller.HistoryConfigController.lambda$getHistoryConfig$1(?:?) 
 
2017-12-05 17:01:37 --> 执行删除配置完成!
---------------------->  at pers.cmeu.controller.HistoryConfigController.lambda$getHistoryConfig$1(?:?) 
 
2017-12-05 17:01:38 --> 执行保存配置文件...
---------------------->  at pers.cmeu.controller.IndexController.saveConfig(?:?) 
 
2017-12-05 17:01:42 --> 保存配置成功!
---------------------->  at pers.cmeu.controller.IndexController.saveConfig(?:?) 
 
2017-12-05 17:01:44 --> 准备开始执行创建所有文件...
---------------------->  at pers.cmeu.controller.IndexController.runCreate(?:?) 
 
2017-12-05 17:01:44 --> 获取表的主键...
---------------------->  at pers.cmeu.controller.IndexController.runCreate(?:?) 
 
2017-12-05 17:01:44 --> 获取表的所有列...
---------------------->  at pers.cmeu.controller.IndexController.runCreate(?:?) 
 
2017-12-05 17:01:44 --> 初始化创建类配置信息...
---------------------->  at pers.cmeu.controller.IndexController.runCreate(?:?) 
 
2017-12-05 17:01:44 --> 初始化创建类配置信息-->成功!
---------------------->  at pers.cmeu.controller.IndexController.runCreate(?:?) 
 
2017-12-05 17:01:44 --> 初始化创建工具...
---------------------->  at pers.cmeu.controller.IndexController.runCreate(?:?) 
 
2017-12-05 17:01:44 --> 开始执行创建所有文件...
---------------------->  at pers.cmeu.controller.IndexController.runCreate(?:?) 
 
2017-12-05 17:01:44 --> 执行创建ServiceImpl包!
---------------------->  at pers.cmeu.common.CreateFileUtil.createServiceDir(?:?) 
 
2017-12-05 17:01:44 --> 执行获得表主键列对应的java数据类型...
---------------------->  at pers.cmeu.common.CreateFileUtil.createAll(?:?) 
 
2017-12-05 17:01:44 --> 获得表主键列对应的java数据类型成功!
---------------------->  at pers.cmeu.common.CreateFileUtil.createAll(?:?) 
 
2017-12-05 17:01:44 --> 执行生成实体类...
---------------------->  at pers.cmeu.common.CreateFileUtil.createAll(?:?) 
 
2017-12-05 17:01:44 --> 生成实体类成功!
---------------------->  at pers.cmeu.common.CreateFileUtil.createAll(?:?) 
 
2017-12-05 17:01:44 --> 执行生成dao
---------------------->  at pers.cmeu.common.CreateFileUtil.createAll(?:?) 
 
2017-12-05 17:01:44 --> 生成dao成功!
---------------------->  at pers.cmeu.common.CreateFileUtil.createAll(?:?) 
 
2017-12-05 17:01:44 --> 执行生成Mapper...
---------------------->  at pers.cmeu.common.CreateFileUtil.createAll(?:?) 
 
2017-12-05 17:01:44 --> 生成Mapper成功!
---------------------->  at pers.cmeu.common.CreateFileUtil.createAll(?:?) 
 
2017-12-05 17:01:44 --> 执行生成service...
---------------------->  at pers.cmeu.common.CreateFileUtil.createAll(?:?) 
 
2017-12-05 17:01:44 --> 生成service成功!
---------------------->  at pers.cmeu.common.CreateFileUtil.createAll(?:?) 
 
2017-12-05 17:01:44 --> 执行生成serviceImpl...
---------------------->  at pers.cmeu.common.CreateFileUtil.createAll(?:?) 
 
2017-12-05 17:01:44 --> 生成serviceImpl成功!
---------------------->  at pers.cmeu.common.CreateFileUtil.createAll(?:?) 
 
2017-12-05 17:01:44 --> 执行创建Assist包名!
---------------------->  at pers.cmeu.common.CreateFileUtil.createAll(?:?) 
 
2017-12-05 17:01:44 --> 准备创建Assist帮助类...
---------------------->  at pers.cmeu.common.CreateFileUtil.createAssist(?:?) 
 
2017-12-05 17:01:44 --> 读取Assist模板...
---------------------->  at pers.cmeu.common.CreateFileUtil.createAssist(?:?) 
 
2017-12-05 17:01:44 --> 执行创建...
---------------------->  at pers.cmeu.common.CreateFileUtil.createAssist(?:?) 
 
2017-12-05 17:01:44 --> Assist帮助类创建成功!
---------------------->  at pers.cmeu.common.CreateFileUtil.createAssist(?:?) 
 
2017-12-05 17:01:44 --> 执行创建配置文件包名!
---------------------->  at pers.cmeu.common.CreateFileUtil.createAll(?:?) 
 
2017-12-05 17:01:44 --> 准备创建配置文件...
---------------------->  at pers.cmeu.common.CreateFileUtil.createMyBatisConfig(?:?) 
 
2017-12-05 17:01:44 --> 读取配置文件模板...
---------------------->  at pers.cmeu.common.CreateFileUtil.createMyBatisConfig(?:?) 
 
2017-12-05 17:01:44 --> 执行创建...
---------------------->  at pers.cmeu.common.CreateFileUtil.createMyBatisConfig(?:?) 
 
2017-12-05 17:01:44 --> 配置文件创建成功!
---------------------->  at pers.cmeu.common.CreateFileUtil.createMyBatisConfig(?:?) 
 
2017-12-05 17:01:44 --> 创建所有文件成功!
---------------------->  at pers.cmeu.controller.IndexController.runCreate(?:?) 
 
2017-12-05 17:03:47 --> 选择更新项目资源的配置文件:E:\编程\项目\工作项目\tax\tax-shop-api\src\main\resources\mapper\mybatis-config.xml
---------------------->  at pers.cmeu.controller.IndexController.selectMybatisFile(?:?) 
 
2017-12-05 17:03:58 --> 将表的数据加载到数据面板...
---------------------->  at pers.cmeu.controller.IndexController.lambda$null$6(?:?) 
 
2017-12-05 17:03:58 --> 将表的数据加载到数据面板成功!
---------------------->  at pers.cmeu.controller.IndexController.lambda$null$6(?:?) 
 
2017-12-05 17:04:06 --> 准备开始执行创建所有文件...
---------------------->  at pers.cmeu.controller.IndexController.runCreate(?:?) 
 
2017-12-05 17:04:06 --> 获取表的主键...
---------------------->  at pers.cmeu.controller.IndexController.runCreate(?:?) 
 
2017-12-05 17:04:06 --> 获取表的所有列...
---------------------->  at pers.cmeu.controller.IndexController.runCreate(?:?) 
 
2017-12-05 17:04:06 --> 初始化创建类配置信息...
---------------------->  at pers.cmeu.controller.IndexController.runCreate(?:?) 
 
2017-12-05 17:04:06 --> 初始化创建类配置信息-->成功!
---------------------->  at pers.cmeu.controller.IndexController.runCreate(?:?) 
 
2017-12-05 17:04:06 --> 初始化创建工具...
---------------------->  at pers.cmeu.controller.IndexController.runCreate(?:?) 
 
2017-12-05 17:04:06 --> 开始执行创建所有文件...
---------------------->  at pers.cmeu.controller.IndexController.runCreate(?:?) 
 
2017-12-05 17:04:06 --> 执行创建dao接口包!
---------------------->  at pers.cmeu.common.CreateFileUtil.createAll(?:?) 
 
2017-12-05 17:04:06 --> 执行获得表主键列对应的java数据类型...
---------------------->  at pers.cmeu.common.CreateFileUtil.createAll(?:?) 
 
2017-12-05 17:04:06 --> 获得表主键列对应的java数据类型成功!
---------------------->  at pers.cmeu.common.CreateFileUtil.createAll(?:?) 
 
2017-12-05 17:04:06 --> 执行生成实体类...
---------------------->  at pers.cmeu.common.CreateFileUtil.createAll(?:?) 
 
2017-12-05 17:04:06 --> 生成实体类成功!
---------------------->  at pers.cmeu.common.CreateFileUtil.createAll(?:?) 
 
2017-12-05 17:04:06 --> 执行生成dao
---------------------->  at pers.cmeu.common.CreateFileUtil.createAll(?:?) 
 
2017-12-05 17:04:06 --> 生成dao成功!
---------------------->  at pers.cmeu.common.CreateFileUtil.createAll(?:?) 
 
2017-12-05 17:04:06 --> 执行生成Mapper...
---------------------->  at pers.cmeu.common.CreateFileUtil.createAll(?:?) 
 
2017-12-05 17:04:06 --> 生成Mapper成功!
---------------------->  at pers.cmeu.common.CreateFileUtil.createAll(?:?) 
 
2017-12-05 17:04:06 --> 执行生成service...
---------------------->  at pers.cmeu.common.CreateFileUtil.createAll(?:?) 
 
2017-12-05 17:04:06 --> 生成service成功!
---------------------->  at pers.cmeu.common.CreateFileUtil.createAll(?:?) 
 
2017-12-05 17:04:06 --> 执行生成serviceImpl...
---------------------->  at pers.cmeu.common.CreateFileUtil.createAll(?:?) 
 
2017-12-05 17:04:06 --> 生成serviceImpl成功!
---------------------->  at pers.cmeu.common.CreateFileUtil.createAll(?:?) 
 
2017-12-05 17:04:06 --> 执行更新MyBatis配置文件资源路径...
---------------------->  at pers.cmeu.common.CreateFileUtil.createAll(?:?) 
 
2017-12-05 17:04:06 --> 更新MyBatis配置文件资源路径成功!
---------------------->  at pers.cmeu.common.CreateFileUtil.createAll(?:?) 
 
2017-12-05 17:04:06 --> 创建所有文件成功!
---------------------->  at pers.cmeu.controller.IndexController.runCreate(?:?) 
 
2017-12-05 17:04:29 --> 关闭MyBatis-CMEU!!!
---------------------->  at pers.Main.main(?:?) 
 
2017-12-05 17:04:33 --> 运行MyBatis-CMEU...
---------------------->  at pers.Main.main(?:?) 
 
2017-12-05 17:04:33 --> 初始化首页...
---------------------->  at pers.cmeu.controller.IndexController.initialize(?:?) 
 
2017-12-05 17:04:33 --> 初始化首页成功!
---------------------->  at pers.cmeu.controller.IndexController.initialize(?:?) 
 
2017-12-05 17:04:33 --> 加载左侧数据库树与事件....
---------------------->  at pers.cmeu.controller.IndexController.initialize(?:?) 
 
2017-12-05 17:04:34 --> 加载所有数据库到左侧树集成功!
---------------------->  at pers.cmeu.controller.IndexController.initialize(?:?) 
 
2017-12-05 17:04:34 --> 执行查询默认配置信息并加载到首页...
---------------------->  at pers.cmeu.controller.IndexController.initialize(?:?) 
 
2017-12-05 17:04:34 --> 加载配置信息到首页成功!
---------------------->  at pers.cmeu.controller.IndexController.initialize(?:?) 
 
2017-12-05 17:04:38 --> 关闭MyBatis-CMEU!!!
---------------------->  at pers.Main.main(?:?) 
 
